> Task :checkKotlinGradlePluginConfigurationErrors SKIPPED
> Task :processResources UP-TO-DATE

> Task :compileKotlin
w: file:///C:/Users/Admin/AndroidStudioProjects/Android-Bootcamp-2026-Backend/src/main/kotlin/com/planify/planifyspring/main/features/meetings/routing/MeetingsController.kt:90:13 Condition is always 'false'.

> Task :compileJava NO-SOURCE
> Task :classes UP-TO-DATE
> Task :resolveMainClassName

> Task :bootRun

  .   ____          _            __ _ _
 /\\ / ___'_ __ _ _(_)_ __  __ _ \ \ \ \
( ( )\___ | '_ | '_| | '_ \/ _` | \ \ \ \
 \\/  ___)| |_)| | | | | || (_| |  ) ) ) )
  '  |____| .__|_| |_|_| |_\__, | / / / /
 =========|_|==============|___/=/_/_/_/

 :: Spring Boot ::                (v4.0.2)

2026-04-13T00:03:07.591+03:00  INFO 29184 --- [  restartedMain] c.p.p.PlanifySpringApplicationKt         : Starting PlanifySpringApplicationKt using Java 17.0.18 with PID 29184 (C:\Users\Admin\AndroidStudioProjects\Android-Bootcamp-2026-Backend\build\classes\kotlin\main started by Admin in C:\Users\Admin\AndroidStudioProjects\Android-Bootcamp-2026-Backend)
2026-04-13T00:03:07.598+03:00 DEBUG 29184 --- [  restartedMain] c.p.p.PlanifySpringApplicationKt         : Running with Spring Boot v4.0.2, Spring v7.0.3
2026-04-13T00:03:07.600+03:00  INFO 29184 --- [  restartedMain] c.p.p.PlanifySpringApplicationKt         : No active profile set, falling back to 1 default profile: "default"
2026-04-13T00:03:07.670+03:00  INFO 29184 --- [  restartedMain] .e.DevToolsPropertyDefaultsPostProcessor : Devtools property defaults active! Set 'spring.devtools.add-properties' to 'false' to disable
2026-04-13T00:03:07.670+03:00  INFO 29184 --- [  restartedMain] .e.DevToolsPropertyDefaultsPostProcessor : For additional web related logging consider setting the 'logging.level.web' property to 'DEBUG'
2026-04-13T00:03:08.823+03:00  INFO 29184 --- [  restartedMain] .s.d.r.c.RepositoryConfigurationDelegate : Bootstrapping Spring Data JPA repositories in DEFAULT mode.
2026-04-13T00:03:08.982+03:00  INFO 29184 --- [  restartedMain] .s.d.r.c.RepositoryConfigurationDelegate : Finished Spring Data repository scanning in 149 ms. Found 8 JPA repository interfaces.
2026-04-13T00:03:09.630+03:00  INFO 29184 --- [  restartedMain] o.s.boot.tomcat.TomcatWebServer          : Tomcat initialized with port 8080 (http)
2026-04-13T00:03:09.645+03:00  INFO 29184 --- [  restartedMain] o.apache.catalina.core.StandardService   : Starting service [Tomcat]
2026-04-13T00:03:09.645+03:00  INFO 29184 --- [  restartedMain] o.apache.catalina.core.StandardEngine    : Starting Servlet engine: [Apache Tomcat/11.0.15]
2026-04-13T00:03:09.700+03:00  INFO 29184 --- [  restartedMain] b.w.c.s.WebApplicationContextInitializer : Root WebApplicationContext: initialization completed in 2029 ms
2026-04-13T00:03:09.921+03:00  INFO 29184 --- [  restartedMain] org.hibernate.orm.jpa                    : HHH008540: Processing PersistenceUnitInfo [name: default]
2026-04-13T00:03:09.979+03:00  INFO 29184 --- [  restartedMain] org.hibernate.orm.core                   : HHH000001: Hibernate ORM core version 7.2.1.Final
2026-04-13T00:03:10.483+03:00  INFO 29184 --- [  restartedMain] o.s.o.j.p.SpringPersistenceUnitInfo      : No LoadTimeWeaver setup: ignoring JPA class transformer
2026-04-13T00:03:10.517+03:00  INFO 29184 --- [  restartedMain] com.zaxxer.hikari.HikariDataSource       : HikariPool-1 - Starting...
2026-04-13T00:03:10.676+03:00  INFO 29184 --- [  restartedMain] com.zaxxer.hikari.pool.HikariPool        : HikariPool-1 - Added connection org.postgresql.jdbc.PgConnection@146e9ea6
2026-04-13T00:03:10.678+03:00  INFO 29184 --- [  restartedMain] com.zaxxer.hikari.HikariDataSource       : HikariPool-1 - Start completed.
2026-04-13T00:03:10.712+03:00  WARN 29184 --- [  restartedMain] org.hibernate.orm.deprecation            : HHH90000025: PostgreSQLDialect does not need to be specified explicitly using 'hibernate.dialect' (remove the property setting and it will be selected by default)
2026-04-13T00:03:10.739+03:00  INFO 29184 --- [  restartedMain] org.hibernate.orm.connections.pooling    : HHH10001005: Database info:
	Database JDBC URL [jdbc:postgresql://localhost:5432/planify_db]
	Database driver: PostgreSQL JDBC Driver
	Database dialect: PostgreSQLDialect
	Database version: 18.0
	Default catalog/schema: planify_db/public
	Autocommit mode: undefined/unknown
	Isolation level: READ_COMMITTED [default READ_COMMITTED]
	JDBC fetch size: none
	Pool: DataSourceConnectionProvider
	Minimum pool size: undefined/unknown
	Maximum pool size: undefined/unknown
2026-04-13T00:03:11.925+03:00  INFO 29184 --- [  restartedMain] org.hibernate.orm.core                   : HHH000489: No JTA platform available (set 'hibernate.transaction.jta.platform' to enable JTA platform integration)
2026-04-13T00:03:12.045+03:00  INFO 29184 --- [  restartedMain] j.LocalContainerEntityManagerFactoryBean : Initialized JPA EntityManagerFactory for persistence unit 'default'
2026-04-13T00:03:12.127+03:00  INFO 29184 --- [  restartedMain] o.s.d.j.r.query.QueryEnhancerFactories   : Hibernate is in classpath; If applicable, HQL parser will be used.
2026-04-13T00:03:14.006+03:00 DEBUG 29184 --- [  restartedMain] .f.ApplicationHttpExceptionHandlerFilter : Filter 'applicationHttpExceptionHandlerFilter' configured for use
2026-04-13T00:03:14.009+03:00 DEBUG 29184 --- [  restartedMain] c.p.p.m.f.a.d.u.filters.JWTAuthFilter    : Filter 'JWTAuthFilter' configured for use
2026-04-13T00:03:14.010+03:00 DEBUG 29184 --- [  restartedMain] c.p.p.m.c.f.TrailingSlashHandlerFilter   : Filter 'trailingSlashHandlerFilter' configured for use
2026-04-13T00:03:14.658+03:00  WARN 29184 --- [  restartedMain] JpaBaseConfiguration$JpaWebConfiguration : spring.jpa.open-in-view is enabled by default. Therefore, database queries may be performed during view rendering. Explicitly configure spring.jpa.open-in-view to disable this warning
2026-04-13T00:03:14.690+03:00  WARN 29184 --- [  restartedMain] .s.a.UserDetailsServiceAutoConfiguration : 

Using generated security password: f18fb8c5-5cff-4ea6-87ec-2b4341a8737c

This generated password is for development use only. Your security configuration must be updated before running your application in production.

2026-04-13T00:03:14.698+03:00  INFO 29184 --- [  restartedMain] r$InitializeUserDetailsManagerConfigurer : Global AuthenticationManager configured with UserDetailsService bean with name inMemoryUserDetailsManager
2026-04-13T00:03:15.371+03:00  INFO 29184 --- [  restartedMain] o.s.boot.tomcat.TomcatWebServer          : Tomcat started on port 8080 (http) with context path '/'
2026-04-13T00:03:15.379+03:00  INFO 29184 --- [  restartedMain] c.p.p.PlanifySpringApplicationKt         : Started PlanifySpringApplicationKt in 8.175 seconds (process running for 8.644)
Hibernate: 
    select
        rm1_0.id,
        rm1_0.name 
    from
        roles rm1_0 
    where
        rm1_0.name=?
Hibernate: 
    select
        rm1_0.id,
        rm1_0.name 
    from
        roles rm1_0 
    where
        rm1_0.name=?
Hibernate: 
    select
        am1_0.id,
        am1_0.name 
    from
        authorities am1_0 
    where
        am1_0.name=?
Hibernate: 
    select
        am1_0.id,
        am1_0.name 
    from
        authorities am1_0 
    where
        am1_0.name=?
Hibernate: 
    select
        am1_0.id,
        am1_0.name 
    from
        authorities am1_0 
    where
        am1_0.name=?
Hibernate: 
    select
        rm1_0.id,
        rm1_0.name 
    from
        roles rm1_0 
    where
        rm1_0.name=?
Hibernate: 
    select
        rm1_0.id,
        rm1_0.name 
    from
        roles rm1_0 
    where
        rm1_0.name=?
Hibernate: 
    select
        am1_0.id,
        am1_0.name 
    from
        authorities am1_0 
    where
        am1_0.name=?
Hibernate: 
    select
        am1_0.id,
        am1_0.name 
    from
        authorities am1_0 
    where
        am1_0.name=?
Hibernate: 
    select
        am1_0.id,
        am1_0.name 
    from
        authorities am1_0 
    where
        am1_0.name=?
Hibernate: 
    select
        rm1_0.id,
        a1_0.role_id,
        a1_1.id,
        a1_1.name,
        rm1_0.name 
    from
        roles rm1_0 
    left join
        role_authorities a1_0 
            on rm1_0.id=a1_0.role_id 
    left join
        authorities a1_1 
            on a1_1.id=a1_0.authority_id 
    where
        rm1_0.id=?
Hibernate: 
    select
        rm1_0.id,
        a1_0.role_id,
        a1_1.id,
        a1_1.name,
        rm1_0.name 
    from
        roles rm1_0 
    left join
        role_authorities a1_0 
            on rm1_0.id=a1_0.role_id 
    left join
        authorities a1_1 
            on a1_1.id=a1_0.authority_id 
    where
        rm1_0.id=?
2026-04-13T00:03:15.557+03:00  INFO 29184 --- [  restartedMain] c.p.p.main.common.utils.DataInitializer  : ✅ Data initialization completed
2026-04-13T00:03:15.558+03:00  WARN 29184 --- [  restartedMain] o.s.core.events.SpringDocAppInitializer  : SpringDoc /v3/api-docs endpoint is enabled by default. To disable it in production, set the property 'springdoc.api-docs.enabled=false'
2026-04-13T00:03:15.559+03:00  WARN 29184 --- [  restartedMain] o.s.core.events.SpringDocAppInitializer  : SpringDoc /swagger-ui.html endpoint is enabled by default. To disable it in production, set the property 'springdoc.swagger-ui.enabled=false'
2026-04-13T00:09:21.673+03:00  INFO 29184 --- [nio-8080-exec-1] o.a.c.c.C.[Tomcat].[localhost].[/]       : Initializing Spring DispatcherServlet 'dispatcherServlet'
2026-04-13T00:09:21.674+03:00  INFO 29184 --- [nio-8080-exec-1] o.s.web.servlet.DispatcherServlet        : Initializing Servlet 'dispatcherServlet'
2026-04-13T00:09:21.676+03:00  INFO 29184 --- [nio-8080-exec-1] o.s.web.servlet.DispatcherServlet        : Completed initialization in 2 ms
2026-04-13T00:09:22.212+03:00  WARN 29184 --- [io-8080-exec-10] .m.m.a.ExceptionHandlerExceptionResolver : Resolved [org.springframework.http.converter.HttpMessageNotReadableException: JSON parse error: Cannot construct instance of `com.planify.planifyspring.main.features.auth.routing.dto.RefreshTokenRequestDTO`, problem: Parameter specified as non-null is null: method com.planify.planifyspring.main.features.auth.routing.dto.RefreshTokenRequestDTO.<init>, parameter clientName]
